* ******************************************************************************

* iCEcube Placer

* Version:            2020.12.27943

* Build Date:         Dec  9 2020 17:55:50

* File Generated:     Apr 20 2022 15:21:44

* Purpose:            

* Copyright (C) 2006-2010 by Lattice Semiconductor Corp. All rights reserved.

* ******************************************************************************

Executing : C:\lscc\iCEcube2.2020.12\sbt_backend\bin\win32\opt\sbtplacer.exe --des-lib C:/Users/thipo/OneDrive/Documents/DevTLHX/FPGA/icecube_project/UltraLite_BLDC_DRV/UltraLite_BLDC_DRV_Implmnt\sbt\netlist\oadb-top --outdir C:/Users/thipo/OneDrive/Documents/DevTLHX/FPGA/icecube_project/UltraLite_BLDC_DRV/UltraLite_BLDC_DRV_Implmnt\sbt\outputs\placer --device-file C:\lscc\iCEcube2.2020.12\sbt_backend\devices\ICE40T01.dev --package SWG16 --deviceMarketName iCE40UL1K --sdc-file C:/Users/thipo/OneDrive/Documents/DevTLHX/FPGA/icecube_project/UltraLite_BLDC_DRV/UltraLite_BLDC_DRV_Implmnt\sbt\Temp/sbt_temp.sdc --lib-file C:\lscc\iCEcube2.2020.12\sbt_backend\devices\ice40BT1K.lib --effort_level std --out-sdc-file C:/Users/thipo/OneDrive/Documents/DevTLHX/FPGA/icecube_project/UltraLite_BLDC_DRV/UltraLite_BLDC_DRV_Implmnt\sbt\outputs\placer\top_pl.sdc
I2004: Option and Settings Summary
=============================================================
Device file          - C:\lscc\iCEcube2.2020.12\sbt_backend\devices\ICE40T01.dev
Package              - SWG16
Design database      - C:/Users/thipo/OneDrive/Documents/DevTLHX/FPGA/icecube_project/UltraLite_BLDC_DRV/UltraLite_BLDC_DRV_Implmnt\sbt\netlist\oadb-top
SDC file             - C:/Users/thipo/OneDrive/Documents/DevTLHX/FPGA/icecube_project/UltraLite_BLDC_DRV/UltraLite_BLDC_DRV_Implmnt\sbt\Temp/sbt_temp.sdc
Output directory     - C:/Users/thipo/OneDrive/Documents/DevTLHX/FPGA/icecube_project/UltraLite_BLDC_DRV/UltraLite_BLDC_DRV_Implmnt\sbt\outputs\placer
Timing library       - C:\lscc\iCEcube2.2020.12\sbt_backend\devices\ice40BT1K.lib
Effort level         - std

I2050: Starting reading inputs for placer
=============================================================
I2100: Reading design library: C:/Users/thipo/OneDrive/Documents/DevTLHX/FPGA/icecube_project/UltraLite_BLDC_DRV/UltraLite_BLDC_DRV_Implmnt\sbt\netlist\oadb-top/BFPGA_DESIGN_ep
I2065: Reading device file : C:\lscc\iCEcube2.2020.12\sbt_backend\devices\ICE40T01.dev
I2051: Reading of inputs for placer completed successfully

I2053: Starting placement of the design
=============================================================

Input Design Statistics
    Number of LUTs      	:	138
    Number of DFFs      	:	72
    Number of DFFs packed to IO	:	0
    Number of Carrys    	:	17
    Number of RAMs      	:	0
    Number of ROMs      	:	0
    Number of IOs       	:	0
    Number of GBIOs     	:	0
    Number of GBs       	:	1
    Number of WarmBoot  	:	0
    Number of PLLs      	:	0
    Number of I2CFIFOs      	:	1
    Number of SBIOODs     	:	2
    Number of LEDDAIPs     	:	0
    Number of RGBADRVs     	:	1
    Number of IR400DRVs     	:	0
    Number of IR500DRVs     	:	0
    Number of BARCODEDRVs     	:	0
    Number of IRIPs     	:	0
    Number of LFOSCs     	:	0
    Number of HFOSCs     	:	1


Phase 1
I2077: Start design legalization

Design Legalization Statistics
    Number of feedthru LUTs inserted to legalize input of DFFs     	:	24
    Number of feedthru LUTs inserted for LUTs driving multiple DFFs	:	0
    Number of LUTs replicated for LUTs driving multiple DFFs       	:	0
    Number of feedthru LUTs inserted to legalize output of CARRYs  	:	0
    Number of feedthru LUTs inserted to legalize global signals    	:	1
    Number of feedthru CARRYs inserted to legalize input of CARRYs 	:	0
    Number of inserted LUTs to Legalize IOs with PIN_TYPE= 01xxxx  	:	0
    Number of inserted LUTs to Legalize IOs with PIN_TYPE= 10xxxx  	:	0
    Number of inserted LUTs to Legalize IOs with PIN_TYPE= 11xxxx  	:	0
    Total LUTs inserted                                            	:	25
    Total CARRYs inserted                                          	:	0


I2078: Design legalization is completed successfully
I2088: Phase 1, elapsed time : 0.0 (sec)


Phase 2
I2088: Phase 2, elapsed time : 0.0 (sec)

Phase 3
Warning-1411: No clock is reaching the reference clock pin 'CLKI' of  instance 'I2C_1'. So, no gen clock will be inferred at output of this instance
Info-1409: Inferred clock at I2C_1/SCLO
Info-1409: Inferred clock at osc/CLKHF
SDC-Info-1101: Duty cycle not specified for clock. Assuming 50 percent dutycycle.
Warning-1034: Found non-unate timing arc, from pin "in3" to pin "lcout" of instance "GB_BUFFER_n3456_THRU_LUT4_0_LC_162", in the clock network. Converting the timing arc to positive-unate

Design Statistics after Packing
    Number of LUTs      	:	164
    Number of DFFs      	:	72
    Number of DFFs packed to IO	:	0
    Number of Carrys    	:	17

Device Utilization Summary after Packing
    Sequential LogicCells
        LUT and DFF      	:	55
        LUT, DFF and CARRY	:	17
    Combinational LogicCells
        Only LUT         	:	92
        CARRY Only       	:	0
        LUT with CARRY   	:	0
    LogicCells                  :	164/1248
    PLBs                        :	24/156
    BRAMs                       :	0/14
    IOs and GBIOs               :	0/5
    PLLs                        :	0/0
    I2CFIFOs                    :	1/2
    SBIOODs                     :	2/5
    RGBADRVs                    :	1/1
    IR400DRVs                   :	0/1
    IR500DRVs                   :	0/1
    BARCODEDRVs                 :	0/1
    IRIPs                       :	0/1
    LEDDAIPs                    :	0/1
    LFOSCs                      :	0/1
    HFOSCs                      :	1/1


I2088: Phase 3, elapsed time : 0.5 (sec)

Phase 4
I2088: Phase 4, elapsed time : 0.1 (sec)

Phase 5
I2088: Phase 5, elapsed time : 0.6 (sec)

Phase 6
I2088: Phase 6, elapsed time : 13.9 (sec)

Final Design Statistics
    Number of LUTs      	:	164
    Number of DFFs      	:	72
    Number of DFFs packed to IO	:	0
    Number of Carrys    	:	17
    Number of RAMs      	:	0
    Number of ROMs      	:	0
    Number of IOs       	:	0
    Number of GBIOs     	:	0
    Number of GBs       	:	1
    Number of WarmBoot  	:	0
    Number of PLLs      	:	0
    Number of I2CFIFOs      	:	1
    Number of SBIOODs     	:	2
    Number of LEDDAIPs     	:	0
    Number of RGBADRVs     	:	1
    Number of IR400DRVs     	:	0
    Number of IR500DRVs     	:	0
    Number of BARCODEDRVs     	:	0
    Number of IRIPs     	:	0
    Number of LFOSCs     	:	0
    Number of HFOSCs     	:	1

Device Utilization Summary
    LogicCells                  :	164/1248
    PLBs                        :	31/156
    BRAMs                       :	0/14
    IOs and GBIOs               :	0/5
    PLLs                        :	0/0
    I2CFIFOs                    :	1/2
    SBIOODs                     :	2/5
    RGBADRVs                    :	1/1
    IR400DRVs                   :	0/1
    IR500DRVs                   :	0/1
    BARCODEDRVs                 :	0/1
    IRIPs                       :	0/1
    LEDDAIPs                    :	0/1
    LFOSCs                      :	0/1
    HFOSCs                      :	1/1



#####################################################################
Placement Timing Summary

The timing summary is based on estimated routing delays after
placement. For final timing report, please carry out the timing
analysis after routing.
=====================================================================

#####################################################################
                     Clock Summary 
=====================================================================
Number of clocks: 4
Clock: I2C_1/SCLO | Frequency: N/A | Target: 0.40 MHz
Clock: n3456 | Frequency: N/A | Target: 48.01 MHz
Clock: osc/CLKHF | Frequency: N/A | Target: 48.00 MHz
Clock: top|sysclk | Frequency: 62.97 MHz | Target: 48.01 MHz

=====================================================================
                     End of Clock Summary
#####################################################################

I2054: Placement of design completed successfully

I2076: Placer run-time: 15.4 sec.

