# Synopsys Constraint Checker, version maplat, Build 1612R, built Dec  5 2016
# Copyright (C) 1994-2016 Synopsys, Inc. All rights reserved. This Synopsys software and all associated documentation are proprietary to Synopsys, Inc. and may only be used pursuant to the terms and conditions of a written license agreement with Synopsys, Inc. All other use, reproduction, modification, or distribution of the Synopsys software or the associated documentation is strictly prohibited.

# Written on Wed Apr 20 14:31:37 2022


##### DESIGN INFO #######################################################

Top View:                "top"
Constraint File(s):      (none)




##### SUMMARY ############################################################

Found 0 issues in 0 out of 0 constraints


##### DETAILS ############################################################



Clock Relationships
*******************

Starting                      Ending                        |     rise to rise     |     fall to fall     |     rise to fall     |     fall to rise                     
-----------------------------------------------------------------------------------------------------------------------------------------------------------------------
top|sysclk_inferred_clock     System                        |     20.830           |     No paths         |     No paths         |     No paths                         
top|sysclk_inferred_clock     top|sysclk_inferred_clock     |     20.830           |     No paths         |     No paths         |     No paths                         
=======================================================================================================================================================================
 Note: 'No paths' indicates there are no paths in the design for that pair of clock edges.
       'Diff grp' indicates that paths exist but the starting clock and ending clock are in different clock groups.


Unconstrained Start/End Points
******************************

p:LED_B
p:LED_G
p:LED_R
p:io_i2c_scl
p:io_i2c_sda (bidir end point)
p:io_i2c_sda (bidir start point)


Inapplicable constraints
************************

(none)


Applicable constraints with issues
**********************************

(none)


Constraints with matching wildcard expressions
**********************************************

(none)


Library Report
**************


# End of Constraint Checker Report
